<?xml version="1.0" encoding="UTF-8"?>
<!-- Generated by org.testng.reporters.JUnitXMLReporter -->
<testsuite hostname="SHRIRAM" failures="0" tests="6" name="Test1" time="205.183" errors="0" timestamp="18 Dec 2024 09:42:58 GMT">
  <testcase classname="com.comcast.crm.contacttest.CreateContactTest" name="createcontactTest" time="33.751"/>
  <testcase classname="com.comcast.crm.contacttest.CreateContactTest" name="createcontactwithorgTest" time="42.823"/>
  <testcase classname="com.comcast.crm.contacttest.CreateContactTest" name="createcontactwithsupportdateTest" time="19.552"/>
  <testcase classname="com.comcast.crm.orgtest.CreateOrganisationTest" name="CreateOganisationWithIndustriesTest" time="23.85"/>
  <testcase classname="com.comcast.crm.orgtest.CreateOrganisationTest" name="CreateOrganizationTest" time="12.778"/>
  <testcase classname="com.comcast.crm.orgtest.CreateOrganisationTest" name="CreateOrgwithPhonenoTest" time="12.788"/>
</testsuite> <!-- Test1 -->
