<?xml version="1.0" encoding="UTF-8"?>
<!-- Generated by org.testng.reporters.JUnitXMLReporter -->
<testsuite hostname="SHRIRAM" failures="0" tests="6" name="Test2" time="202.1" errors="0" timestamp="18 Dec 2024 09:42:55 GMT">
  <testcase classname="com.comcast.crm.contacttest.CreateContactTest" name="createcontactTest" time="31.494"/>
  <testcase classname="com.comcast.crm.contacttest.CreateContactTest" name="createcontactwithorgTest" time="43.115"/>
  <testcase classname="com.comcast.crm.contacttest.CreateContactTest" name="createcontactwithsupportdateTest" time="18.952"/>
  <testcase classname="com.comcast.crm.orgtest.CreateOrganisationTest" name="CreateOganisationWithIndustriesTest" time="22.251"/>
  <testcase classname="com.comcast.crm.orgtest.CreateOrganisationTest" name="CreateOrganizationTest" time="12.67"/>
  <testcase classname="com.comcast.crm.orgtest.CreateOrganisationTest" name="CreateOrgwithPhonenoTest" time="13.773"/>
</testsuite> <!-- Test2 -->
