<?xml version="1.0" encoding="UTF-8"?>
<!-- Generated by org.testng.reporters.JUnitXMLReporter -->
<testsuite ignored="0" hostname="SHRIRAM" failures="0" tests="3" name="Test" time="56.653" errors="0" timestamp="2024-12-24T14:49:07 IST">
  <testcase classname="com.comcast.crm.orgtest.CreateOrganisationTest" name="CreateOganisationWithIndustriesTest" time="14.591"/>
  <testcase classname="com.comcast.crm.orgtest.CreateOrganisationTest" name="CreateOrganizationTest" time="11.229"/>
  <testcase classname="com.comcast.crm.orgtest.CreateOrganisationTest" name="CreateOrgwithPhonenoTest" time="11.757"/>
</testsuite> <!-- Test -->
