<?xml version="1.0" encoding="UTF-8"?>
<testng-results ignored="0" total="3" passed="2" failed="1" skipped="0">
  <reporter-output>
  </reporter-output>
  <suite started-at="2024-12-26T11:34:49 IST" name="Default suite" finished-at="2024-12-26T11:35:24 IST" duration-ms="34873">
    <groups>
      <group name="regressionTest">
        <method signature="CreateOrganisationTest.CreateOganisationWithIndustriesTest()[pri:0, instance:com.comcast.crm.orgtest.CreateOrganisationTest@76a4ebf2]" name="CreateOganisationWithIndustriesTest" class="com.comcast.crm.orgtest.CreateOrganisationTest"/>
        <method signature="CreateOrganisationTest.CreateOrgwithPhonenoTest()[pri:0, instance:com.comcast.crm.orgtest.CreateOrganisationTest@76a4ebf2]" name="CreateOrgwithPhonenoTest" class="com.comcast.crm.orgtest.CreateOrganisationTest"/>
      </group> <!-- regressionTest -->
      <group name="smokeTest">
        <method signature="CreateOrganisationTest.CreateOrganizationTest()[pri:0, instance:com.comcast.crm.orgtest.CreateOrganisationTest@76a4ebf2]" name="CreateOrganizationTest" class="com.comcast.crm.orgtest.CreateOrganisationTest"/>
      </group> <!-- smokeTest -->
    </groups>
    <test started-at="2024-12-26T11:34:49 IST" name="Default test" finished-at="2024-12-26T11:35:24 IST" duration-ms="34873">
      <class name="com.comcast.crm.orgtest.CreateOrganisationTest">
        <test-method is-config="true" signature="configBS()[pri:0, instance:com.comcast.crm.orgtest.CreateOrganisationTest@76a4ebf2]" started-at="2024-12-26T11:34:49 IST" name="configBS" finished-at="2024-12-26T11:34:49 IST" duration-ms="8" status="PASS">
          <reporter-output>
          </reporter-output>
        </test-method> <!-- configBS -->
        <test-method is-config="true" signature="configBc()[pri:0, instance:com.comcast.crm.orgtest.CreateOrganisationTest@76a4ebf2]" started-at="2024-12-26T11:34:49 IST" name="configBc" finished-at="2024-12-26T11:34:51 IST" duration-ms="2460" status="PASS">
          <reporter-output>
          </reporter-output>
        </test-method> <!-- configBc -->
        <test-method is-config="true" signature="configBm()[pri:0, instance:com.comcast.crm.orgtest.CreateOrganisationTest@76a4ebf2]" started-at="2024-12-26T11:34:51 IST" name="configBm" finished-at="2024-12-26T11:34:54 IST" duration-ms="2724" status="PASS">
          <reporter-output>
          </reporter-output>
        </test-method> <!-- configBm -->
        <test-method signature="CreateOganisationWithIndustriesTest()[pri:0, instance:com.comcast.crm.orgtest.CreateOrganisationTest@76a4ebf2]" started-at="2024-12-26T11:34:54 IST" name="CreateOganisationWithIndustriesTest" finished-at="2024-12-26T11:35:03 IST" duration-ms="8994" status="PASS">
          <reporter-output>
          </reporter-output>
        </test-method> <!-- CreateOganisationWithIndustriesTest -->
        <test-method is-config="true" signature="configAm()[pri:0, instance:com.comcast.crm.orgtest.CreateOrganisationTest@76a4ebf2]" started-at="2024-12-26T11:35:03 IST" name="configAm" finished-at="2024-12-26T11:35:04 IST" duration-ms="1248" status="PASS">
          <reporter-output>
          </reporter-output>
        </test-method> <!-- configAm -->
        <test-method is-config="true" signature="configBm()[pri:0, instance:com.comcast.crm.orgtest.CreateOrganisationTest@76a4ebf2]" started-at="2024-12-26T11:35:04 IST" name="configBm" finished-at="2024-12-26T11:35:06 IST" duration-ms="2244" status="PASS">
          <reporter-output>
          </reporter-output>
        </test-method> <!-- configBm -->
        <test-method signature="CreateOrganizationTest()[pri:0, instance:com.comcast.crm.orgtest.CreateOrganisationTest@76a4ebf2]" started-at="2024-12-26T11:35:06 IST" name="CreateOrganizationTest" finished-at="2024-12-26T11:35:06 IST" duration-ms="71" status="FAIL">
          <exception class="java.lang.NullPointerException">
            <message>
              <![CDATA[Cannot invoke "org.apache.poi.ss.usermodel.Cell.getStringCellValue()" because the return value of "org.apache.poi.ss.usermodel.Row.getCell(int)" is null]]>
            </message>
            <full-stacktrace>
              <![CDATA[java.lang.NullPointerException: Cannot invoke "org.apache.poi.ss.usermodel.Cell.getStringCellValue()" because the return value of "org.apache.poi.ss.usermodel.Row.getCell(int)" is null
at com.crm.generic.fileutility.ExcelUtility.getDataFromExcel(ExcelUtility.java:23)
at com.comcast.crm.orgtest.CreateOrganisationTest.CreateOrganizationTest(CreateOrganisationTest.java:56)
at java.base/jdk.internal.reflect.NativeMethodAccessorImpl.invoke0(Native Method)
at java.base/jdk.internal.reflect.NativeMethodAccessorImpl.invoke(NativeMethodAccessorImpl.java:77)
at java.base/jdk.internal.reflect.DelegatingMethodAccessorImpl.invoke(DelegatingMethodAccessorImpl.java:43)
at java.base/java.lang.reflect.Method.invoke(Method.java:568)
at org.testng.internal.invokers.MethodInvocationHelper.invokeMethod(MethodInvocationHelper.java:139)
at org.testng.internal.invokers.TestInvoker.invokeMethod(TestInvoker.java:664)
at org.testng.internal.invokers.TestInvoker.invokeTestMethod(TestInvoker.java:227)
at org.testng.internal.invokers.MethodRunner.runInSequence(MethodRunner.java:50)
at org.testng.internal.invokers.TestInvoker$MethodInvocationAgent.invoke(TestInvoker.java:957)
at org.testng.internal.invokers.TestInvoker.invokeTestMethods(TestInvoker.java:200)
at org.testng.internal.invokers.TestMethodWorker.invokeTestMethods(TestMethodWorker.java:148)
at org.testng.internal.invokers.TestMethodWorker.run(TestMethodWorker.java:128)
at java.base/java.util.ArrayList.forEach(ArrayList.java:1511)
at org.testng.TestRunner.privateRun(TestRunner.java:848)
at org.testng.TestRunner.run(TestRunner.java:621)
at org.testng.SuiteRunner.runTest(SuiteRunner.java:443)
at org.testng.SuiteRunner.runSequentially(SuiteRunner.java:437)
at org.testng.SuiteRunner.privateRun(SuiteRunner.java:397)
at org.testng.SuiteRunner.run(SuiteRunner.java:336)
at org.testng.SuiteRunnerWorker.runSuite(SuiteRunnerWorker.java:52)
at org.testng.SuiteRunnerWorker.run(SuiteRunnerWorker.java:95)
at org.testng.TestNG.runSuitesSequentially(TestNG.java:1280)
at org.testng.TestNG.runSuitesLocally(TestNG.java:1200)
at org.testng.TestNG.runSuites(TestNG.java:1114)
at org.testng.TestNG.run(TestNG.java:1082)
at org.testng.remote.AbstractRemoteTestNG.run(AbstractRemoteTestNG.java:115)
at org.testng.remote.RemoteTestNG.initAndRun(RemoteTestNG.java:251)
at org.testng.remote.RemoteTestNG.main(RemoteTestNG.java:77)
]]>
            </full-stacktrace>
          </exception> <!-- java.lang.NullPointerException -->
          <reporter-output>
          </reporter-output>
        </test-method> <!-- CreateOrganizationTest -->
        <test-method is-config="true" signature="configAm()[pri:0, instance:com.comcast.crm.orgtest.CreateOrganisationTest@76a4ebf2]" started-at="2024-12-26T11:35:07 IST" name="configAm" finished-at="2024-12-26T11:35:10 IST" duration-ms="3009" status="PASS">
          <reporter-output>
          </reporter-output>
        </test-method> <!-- configAm -->
        <test-method is-config="true" signature="configBm()[pri:0, instance:com.comcast.crm.orgtest.CreateOrganisationTest@76a4ebf2]" started-at="2024-12-26T11:35:10 IST" name="configBm" finished-at="2024-12-26T11:35:13 IST" duration-ms="2856" status="PASS">
          <reporter-output>
          </reporter-output>
        </test-method> <!-- configBm -->
        <test-method signature="CreateOrgwithPhonenoTest()[pri:0, instance:com.comcast.crm.orgtest.CreateOrganisationTest@76a4ebf2]" started-at="2024-12-26T11:35:13 IST" name="CreateOrgwithPhonenoTest" finished-at="2024-12-26T11:35:21 IST" duration-ms="8605" status="PASS">
          <reporter-output>
          </reporter-output>
        </test-method> <!-- CreateOrgwithPhonenoTest -->
        <test-method is-config="true" signature="configAm()[pri:0, instance:com.comcast.crm.orgtest.CreateOrganisationTest@76a4ebf2]" started-at="2024-12-26T11:35:21 IST" name="configAm" finished-at="2024-12-26T11:35:23 IST" duration-ms="1750" status="PASS">
          <reporter-output>
          </reporter-output>
        </test-method> <!-- configAm -->
        <test-method is-config="true" signature="configAc()[pri:0, instance:com.comcast.crm.orgtest.CreateOrganisationTest@76a4ebf2]" started-at="2024-12-26T11:35:23 IST" name="configAc" finished-at="2024-12-26T11:35:24 IST" duration-ms="596" status="PASS">
          <reporter-output>
          </reporter-output>
        </test-method> <!-- configAc -->
        <test-method is-config="true" signature="configAS()[pri:0, instance:com.comcast.crm.orgtest.CreateOrganisationTest@76a4ebf2]" started-at="2024-12-26T11:35:24 IST" name="configAS" finished-at="2024-12-26T11:35:24 IST" duration-ms="0" status="PASS">
          <reporter-output>
          </reporter-output>
        </test-method> <!-- configAS -->
      </class> <!-- com.comcast.crm.orgtest.CreateOrganisationTest -->
    </test> <!-- Default test -->
  </suite> <!-- Default suite -->
</testng-results>
