<?xml version="1.0" encoding="UTF-8"?>
<!-- Generated by org.testng.reporters.JUnitXMLReporter -->
<testsuite ignored="1" hostname="SHRIRAM" failures="1" tests="1" name="Test(failed)(failed)" time="12.125" errors="0" timestamp="2024-12-21T11:08:00 IST">
  <testcase classname="practice.test.invoivecreate" name="createinvoic" time="0.222">
    <failure type="java.lang.AssertionError" message="expected [Login234] but found [Administrator - Home - vtiger CRM 5 - Commercial Open Source CRM]">
      <![CDATA[java.lang.AssertionError: expected [Login234] but found [Administrator - Home - vtiger CRM 5 - Commercial Open Source CRM]
at practice.test.invoivecreate.createinvoic(invoivecreate.java:19)
at java.base/java.util.ArrayList.forEach(ArrayList.java:1511)
... Removed 33 stack frames]]>
    </failure>
  </testcase> <!-- createinvoic -->
  <testcase classname="practice.test.invoivecreate" name="createinvoicwithphone" time="0.0">
    <ignored/>
  </testcase> <!-- createinvoicwithphone -->
</testsuite> <!-- Test(failed)(failed) -->
